<?xml version="1.0" encoding="UTF-8"?>
<testsuite name="Busqueda productos en mercado libre" tests="5" skipped="0" failures="1" errors="0" timestamp="2022-08-16T12:20:20" hostname="DESKTOP-P3OGUBB" time="155.169">
  <properties/>
  <testcase name="Buscar productosteclado logitech pop" classname="Busqueda productos en mercado libre" time="31.241"/>
  <testcase name="Buscar productosDangerous Woman ariana grande" classname="Busqueda productos en mercado libre" time="31.439"/>
  <testcase name="Buscar productosaudifonos xiaomi" classname="Busqueda productos en mercado libre" time="30.626">
    <failure message="java.lang.AssertionError: &#10;Expected: &quot;Audífonos in-ear inalámbricos Xiaomi Redmi AirDots negro&quot;&#10;     but: was &quot;Audífonos in-ear gamer inalámbricos Xiaomi Redmi Buds 3 Lite negro&quot;" type="java.lang.AssertionError">java.lang.AssertionError: 
Expected: &quot;Audífonos in-ear inalámbricos Xiaomi Redmi AirDots negro&quot;
     but: was &quot;Audífonos in-ear gamer inalámbricos Xiaomi Redmi Buds 3 Lite negro&quot;
	at net.serenitybdd.screenplay.ErrorTally.throwSummaryExceptionFrom(ErrorTally.java:36)
	at net.serenitybdd.screenplay.ErrorTally.reportAnyErrors(ErrorTally.java:30)
	at net.serenitybdd.screenplay.Actor.should(Actor.java:301)
	at co.com.mercadolibre.stepDefinitions.SearchProductsOutLineStepDefinition.validoElNombreDelProducto(SearchProductsOutLineStepDefinition.java:45)
	at ✽.valido el nombre del producto Audífonos in-ear inalámbricos Xiaomi Redmi AirDots negro(src/test/resources/co.com.mercadolibre.features/searchproductoutline.feature:7)
</failure>
  </testcase>
  <testcase name="Buscar productosiphone 13 pro max" classname="Busqueda productos en mercado libre" time="31.269"/>
  <testcase name="Buscar productosWalll-E" classname="Busqueda productos en mercado libre" time="30.551"/>
  <system-out><![CDATA[]]></system-out>
  <system-err><![CDATA[Starting ChromeDriver 103.0.5060.53 (a1711811edd74ff1cf2150f36ffa3b0dae40b17f-refs/branch-heads/5060@{#853}) on port 3257
Only local connections are allowed.
Please see https://chromedriver.chromium.org/security-considerations for suggestions on keeping ChromeDriver safe.
ChromeDriver was started successfully.
[1660652421.867][WARNING]: This version of ChromeDriver has not been tested with Chrome version 104.
ago 16, 2022 7:20:21 AM org.openqa.selenium.remote.ProtocolHandshake createSession
INFORMACIÓN: Detected dialect: W3C
[Test worker] INFO net.thucydides.core.steps.ConsoleLoggingListener - 
        __    _____ _____ ____ _____   ____   _    ____  ____  _____ ____  
  _     \ \  |_   _| ____/ ___|_   _| |  _ \ / \  / ___|/ ___|| ____|  _ \ 
 (_)_____| |   | | |  _| \___ \ | |   | |_) / _ \ \___ \\___ \|  _| | | | |
  _|_____| |   | | | |___ ___) || |   |  __/ ___ \ ___) |___) | |___| |_| |
 (_)     | |   |_| |_____|____/ |_|   |_| /_/   \_\____/|____/|_____|____/ 
        /_/                                                                

TEST PASSED: Buscar productosteclado logitech pop
----------------------------------------------------------------------------
Starting ChromeDriver 103.0.5060.53 (a1711811edd74ff1cf2150f36ffa3b0dae40b17f-refs/branch-heads/5060@{#853}) on port 33682
Only local connections are allowed.
Please see https://chromedriver.chromium.org/security-considerations for suggestions on keeping ChromeDriver safe.
ChromeDriver was started successfully.
[1660652453.122][WARNING]: This version of ChromeDriver has not been tested with Chrome version 104.
ago 16, 2022 7:20:53 AM org.openqa.selenium.remote.ProtocolHandshake createSession
INFORMACIÓN: Detected dialect: W3C
[Test worker] INFO net.thucydides.core.steps.ConsoleLoggingListener - 
        __    _____ _____ ____ _____   ____   _    ____  ____  _____ ____  
  _     \ \  |_   _| ____/ ___|_   _| |  _ \ / \  / ___|/ ___|| ____|  _ \ 
 (_)_____| |   | | |  _| \___ \ | |   | |_) / _ \ \___ \\___ \|  _| | | | |
  _|_____| |   | | | |___ ___) || |   |  __/ ___ \ ___) |___) | |___| |_| |
 (_)     | |   |_| |_____|____/ |_|   |_| /_/   \_\____/|____/|_____|____/ 
        /_/                                                                

TEST PASSED: Buscar productosteclado logitech pop
----------------------------------------------------------------------------
Starting ChromeDriver 103.0.5060.53 (a1711811edd74ff1cf2150f36ffa3b0dae40b17f-refs/branch-heads/5060@{#853}) on port 1599
Only local connections are allowed.
Please see https://chromedriver.chromium.org/security-considerations for suggestions on keeping ChromeDriver safe.
ChromeDriver was started successfully.
[1660652484.576][WARNING]: This version of ChromeDriver has not been tested with Chrome version 104.
ago 16, 2022 7:21:24 AM org.openqa.selenium.remote.ProtocolHandshake createSession
INFORMACIÓN: Detected dialect: W3C
[Test worker] ERROR net.thucydides.core.steps.ConsoleLoggingListener - 
           __  _____ _____ ____ _____   _____ _    ___ _     _____ ____  
  _       / / |_   _| ____/ ___|_   _| |  ___/ \  |_ _| |   | ____|  _ \ 
 (_)_____| |    | | |  _| \___ \ | |   | |_ / _ \  | || |   |  _| | | | |
  _|_____| |    | | | |___ ___) || |   |  _/ ___ \ | || |___| |___| |_| |
 (_)     | |    |_| |_____|____/ |_|   |_|/_/   \_\___|_____|_____|____/ 
          \_\                                                            

TEST FAILED: Buscar productosteclado logitech pop
--------------------------------------------------------------------------
[Test worker] ERROR net.thucydides.core.steps.ConsoleLoggingListener - TEST FAILED AT STEP Then el actor compara el nombre del producto should be 'Audífonos in-ear inalámbricos Xiaomi Redmi AirDots negro'
[Test worker] ERROR net.thucydides.core.steps.ConsoleLoggingListener - Expected: "Audífonos in-ear inalámbricos Xiaomi Redmi AirDots negro" but: was "Audífonos in-ear gamer inalámbricos Xiaomi Redmi Buds 3 Lite negro"
Starting ChromeDriver 103.0.5060.53 (a1711811edd74ff1cf2150f36ffa3b0dae40b17f-refs/branch-heads/5060@{#853}) on port 38915
Only local connections are allowed.
Please see https://chromedriver.chromium.org/security-considerations for suggestions on keeping ChromeDriver safe.
ChromeDriver was started successfully.
[1660652515.189][WARNING]: This version of ChromeDriver has not been tested with Chrome version 104.
ago 16, 2022 7:21:55 AM org.openqa.selenium.remote.ProtocolHandshake createSession
INFORMACIÓN: Detected dialect: W3C
[Test worker] ERROR net.thucydides.core.steps.ConsoleLoggingListener - 
           __  _____ _____ ____ _____   _____ _    ___ _     _____ ____  
  _       / / |_   _| ____/ ___|_   _| |  ___/ \  |_ _| |   | ____|  _ \ 
 (_)_____| |    | | |  _| \___ \ | |   | |_ / _ \  | || |   |  _| | | | |
  _|_____| |    | | | |___ ___) || |   |  _/ ___ \ | || |___| |___| |_| |
 (_)     | |    |_| |_____|____/ |_|   |_|/_/   \_\___|_____|_____|____/ 
          \_\                                                            

TEST FAILED: Buscar productosteclado logitech pop
--------------------------------------------------------------------------
[Test worker] ERROR net.thucydides.core.steps.ConsoleLoggingListener - TEST FAILED AT STEP Then el actor compara el nombre del producto should be 'Audífonos in-ear inalámbricos Xiaomi Redmi AirDots negro'
[Test worker] ERROR net.thucydides.core.steps.ConsoleLoggingListener - Expected: "Audífonos in-ear inalámbricos Xiaomi Redmi AirDots negro" but: was "Audífonos in-ear gamer inalámbricos Xiaomi Redmi Buds 3 Lite negro"
Starting ChromeDriver 103.0.5060.53 (a1711811edd74ff1cf2150f36ffa3b0dae40b17f-refs/branch-heads/5060@{#853}) on port 42129
Only local connections are allowed.
Please see https://chromedriver.chromium.org/security-considerations for suggestions on keeping ChromeDriver safe.
ChromeDriver was started successfully.
[1660652546.494][WARNING]: This version of ChromeDriver has not been tested with Chrome version 104.
ago 16, 2022 7:22:26 AM org.openqa.selenium.remote.ProtocolHandshake createSession
INFORMACIÓN: Detected dialect: W3C
[Test worker] ERROR net.thucydides.core.steps.ConsoleLoggingListener - 
           __  _____ _____ ____ _____   _____ _    ___ _     _____ ____  
  _       / / |_   _| ____/ ___|_   _| |  ___/ \  |_ _| |   | ____|  _ \ 
 (_)_____| |    | | |  _| \___ \ | |   | |_ / _ \  | || |   |  _| | | | |
  _|_____| |    | | | |___ ___) || |   |  _/ ___ \ | || |___| |___| |_| |
 (_)     | |    |_| |_____|____/ |_|   |_|/_/   \_\___|_____|_____|____/ 
          \_\                                                            

TEST FAILED: Buscar productosteclado logitech pop
--------------------------------------------------------------------------
[Test worker] ERROR net.thucydides.core.steps.ConsoleLoggingListener - TEST FAILED AT STEP Then el actor compara el nombre del producto should be 'Audífonos in-ear inalámbricos Xiaomi Redmi AirDots negro'
[Test worker] ERROR net.thucydides.core.steps.ConsoleLoggingListener - Expected: "Audífonos in-ear inalámbricos Xiaomi Redmi AirDots negro" but: was "Audífonos in-ear gamer inalámbricos Xiaomi Redmi Buds 3 Lite negro"
]]></system-err>
</testsuite>
